<?xml version="1.0" encoding="UTF-8"?>
<!-- Generated by org.testng.reporters.JUnitXMLReporter -->
<testsuite hostname="DESKTOP-C8E2LPS" name="Surefire test" tests="2" failures="0" timestamp="5 Oct 2018 12:17:36 GMT" time="49.517" errors="0">
  <testcase name="@BeforeClass setUp" time="0.0" classname="ua.pp.krotov.FirstTest">
    <failure type="org.openqa.selenium.WebDriverException" message="Failed to connect to binary FirefoxBinary(C:\Program Files\Mozilla Firefox\firefox.exe) on port 7055; process output follows: 
escription&amp;quot;:&amp;quot;ZenMate VPN - Deine Internet Security LÃ¶sung. Wir verschlÃ¼sseln deine Internetverbindungen und unblocken deinen Lieblingscontent.&amp;quot;,&amp;quot;creator&amp;quot;:null,&amp;quot;developers&amp;quot;:null,&amp;quot;translators&amp;quot;:null,&amp;quot;contributors&amp;quot;:null,&amp;quot;locales&amp;quot;:[&amp;quot;de&amp;quot;]},{&amp;quot;name&amp;quot;:&amp;quot;ZenMate VPN - Ğ»ÑƒÑ‡ÑˆĞµĞµ Ñ€ĞµÑˆĞµĞ½Ğ¸Ğµ Ğ´Ğ»Ñ� Ğ¸Ğ½Ñ‚ĞµÑ€Ğ½ĞµÑ‚-Ğ±ĞµĞ·Ğ¾Ğ¿Ğ°Ñ�Ğ½Ğ¾Ñ�Ñ‚Ğ¸&amp;quot;,&amp;quot;description&amp;quot;:&amp;quot;ZenMate VPN - Ğ¸Ğ½Ñ‚ĞµÑ€Ğ½ĞµÑ‚-Ğ±ĞµĞ·Ğ¾Ğ¿Ğ°Ñ�Ğ½Ğ¾Ñ�Ñ‚ÑŒ Ğ´Ğ»Ñ� Ğ²Ğ°Ñ�. Ğ¨Ğ¸Ñ„Ñ€Ğ¾Ğ²Ğ°Ğ½Ğ¸Ğµ Ñ�Ğ¾ĞµĞ´Ğ¸Ğ½ĞµĞ½Ğ¸Ñ�, Ğ´Ğ¾Ñ�Ñ‚ÑƒĞ¿ Ğº Ğ·Ğ°Ñ‰Ğ¸Ñ‰ĞµĞ½Ğ½Ñ‹Ğ¼ Ğ¿Ñ€Ğ¾ĞºÑ�Ğ¸-Ñ�ĞµÑ€Ğ²ĞµÑ€Ğ°Ğ¼ Ğ¸ Ğ·Ğ°Ğ±Ğ»Ğ¾ĞºĞ¸Ñ€Ğ¾Ğ²Ğ°Ğ½Ğ½Ğ¾Ğ¼Ñƒ ĞºĞ¾Ğ½Ñ‚ĞµĞ½Ñ‚Ñƒ.&amp;quot;,&amp;quot;creator&amp;quot;:null,&amp;quot;developers&amp;quot;:null,&amp;quot;translators&amp;quot;:null,&amp;quot;contributors&amp;quot;:null,&amp;quot;locales&amp;quot;:[&amp;quot;ru&amp;quot;]},{&amp;quot;name&amp;quot;:&amp;quot;ZenMate VPN - Mejor seguridad para Internet&amp;quot;,&amp;quot;description&amp;quot;:&amp;quot;ZenMate VPN - la mejor soluciÃ³n para tu seguridad. Encripta tu conexiÃ³n, accede a nuestro vpn proxy y desbloquea pÃ¡ginas web fÃ¡cil.&amp;quot;,&amp;quot;creator&amp;quot;:null,&amp;quot;developers&amp;quot;:null,&amp;quot;translators&amp;quot;:null,&amp;quot;contributors&amp;quot;:null,&amp;quot;locales&amp;quot;:[&amp;quot;es&amp;quot;]},{&amp;quot;name&amp;quot;:&amp;quot;ZenMate VPN - GÃ¼venli Ä°nternet &amp;amp; Unblock &amp;quot;,&amp;quot;description&amp;quot;:&amp;quot;ZenMate VPN - GÃ¼venli internet eriÅŸimi iÃ§in en iyi Ã§Ã¶zÃ¼m. Ä°nternet baÄŸlantÄ±nÄ± ÅŸifrele ve yasaklÄ± sitelere gÃ¼venli eriÅŸim saÄŸla.&amp;quot;,&amp;quot;creator&amp;quot;:null,&amp;quot;developers&amp;quot;:null,&amp;quot;translators&amp;quot;:null,&amp;quot;contributors&amp;quot;:null,&amp;quot;locales&amp;quot;:[&amp;quot;tr&amp;quot;]},{&amp;quot;name&amp;quot;:&amp;quot;ZenMate VPN - Beste Cyber Security &amp;amp; Unblock&amp;quot;,&amp;quot;description&amp;quot;:&amp;quot;ZenMate VPN - Beste VPN &amp;amp; Internet security voor Chrome. Verbind met onze proxy servers, unblock websites en behoud online privacy.&amp;quot;,&amp;quot;creator&amp;quot;:null,&amp;quot;developers&amp;quot;:null,&amp;quot;translators&amp;quot;:null,&amp;quot;contributors&amp;quot;:null,&amp;quot;locales&amp;quot;:[&amp;quot;nl&amp;quot;]}],&amp;quot;targetApplications&amp;quot;:[{&amp;quot;id&amp;quot;:&amp;quot;toolkit@mozilla.org&amp;quot;,&amp;quot;minVersion&amp;quot;:&amp;quot;56.0&amp;quot;,&amp;quot;maxVersion&amp;quot;:null}],&amp;quot;targetPlatforms&amp;quot;:[],&amp;quot;signedState&amp;quot;:2,&amp;quot;seen&amp;quot;:true,&amp;quot;dependencies&amp;quot;:[],&amp;quot;hasEmbeddedWebExtension&amp;quot;:false,&amp;quot;userPermissions&amp;quot;:{&amp;quot;permissions&amp;quot;:[&amp;quot;tabs&amp;quot;,&amp;quot;webRequest&amp;quot;,&amp;quot;webRequestBlocking&amp;quot;,&amp;quot;proxy&amp;quot;,&amp;quot;management&amp;quot;,&amp;quot;storage&amp;quot;,&amp;quot;notifications&amp;quot;,&amp;quot;cookies&amp;quot;,&amp;quot;privacy&amp;quot;],&amp;quot;origins&amp;quot;:[&amp;quot;*://*/*&amp;quot;,&amp;quot;*://*.zenmate.com/*&amp;quot;,&amp;quot;*://*.zenmate.io/*&amp;quot;,&amp;quot;&amp;lt;all_urls&amp;gt;&amp;quot;]},&amp;quot;icons&amp;quot;:{&amp;quot;16&amp;quot;:&amp;quot;icons/standard-16.png&amp;quot;,&amp;quot;48&amp;quot;:&amp;quot;icons/standard-48.png&amp;quot;,&amp;quot;64&amp;quot;:&amp;quot;icons/standard-64.png&amp;quot;,&amp;quot;128&amp;quot;:&amp;quot;icons/standard-128.png&amp;quot;},&amp;quot;iconURL&amp;quot;:null,&amp;quot;icon64URL&amp;quot;:null,&amp;quot;blocklistState&amp;quot;:0,&amp;quot;blocklistURL&amp;quot;:null,&amp;quot;startupData&amp;quot;:null,&amp;quot;location&amp;quot;:&amp;quot;app-profile&amp;quot;}
1538741837482	addons.xpi	DEBUG	Install of https://addons.mozilla.org/firefox/downloads/file/1021277/zenmate_vpn_for_firefox-6.2.6-an+fx.xpi?src=dp-btn-primary completed.
1538741837491	addons.xpi	DEBUG	Loading bootstrap scope from C:\Users\OPTiiM\AppData\Local\Temp\anonymous8416474072821863842webdriver-profile\extensions\firefox-webext@zenmate.com.xpi
1538741837492	addons.xpi	DEBUG	Calling bootstrap method install on firefox-webext@zenmate.com version 6.2.6
1538741837493	addons.xpi	DEBUG	Calling bootstrap method startup on firefox-webext@zenmate.com version 6.2.6
JavaScript error: moz-extension://4a2d2ae8-3261-4dbe-9f0e-2391cedacb46/scripts/free.js, line 24: Error: Could not establish connection. Receiving end does not exist.
1538741837876	addons.manager	DEBUG	Registering upgrade listener for firefox-webext@zenmate.com
1538741838086	addons.xpi	DEBUG	removeTemporaryFile: https://addons.mozilla.org/firefox/downloads/file/1021277/zenmate_vpn_for_firefox-6.2.6-an+fx.xpi?src=dp-btn-primary removing temp file C:\Users\OPTiiM\AppData\Local\Temp\tmp-xa9.xpi
1538741838087	addons.xpi	WARN	Failed to remove temporary file C:\Users\OPTiiM\AppData\Local\Temp\tmp-xa9.xpi for addon https://addons.mozilla.org/firefox/downloads/file/1021277/zenmate_vpn_for_firefox-6.2.6-an+fx.xpi?src=dp-btn-primary: [Exception... &amp;quot;Component returned failure code: 0x80520015 (NS_ERROR_FILE_ACCESS_DENIED) [nsIFile.remove]&amp;quot;  nsresult: &amp;quot;0x80520015 (NS_ERROR_FILE_ACCESS_DENIED)&amp;quot;  location: &amp;quot;JS frame :: resource://gre/modules/addons/XPIInstall.jsm :: removeTemporaryFile :: line 1502&amp;quot;  data: no] Stack trace: removeTemporaryFile()@resource://gre/modules/addons/XPIInstall.jsm:1502
startInstall/&amp;lt;()@resource://gre/modules/addons/XPIInstall.jsm:1798
JavaScript error: https://partner.zenmate.com/qclick-cookies, line 24: SyntaxError: An invalid or illegal string was specified

Build info: version: &amp;apos;2.53.1&amp;apos;, revision: &amp;apos;a36b8b1cd5757287168e54b817830adce9b0158d&amp;apos;, time: &amp;apos;2016-06-30 19:26:09&amp;apos;
System info: host: &amp;apos;DESKTOP-C8E2LPS&amp;apos;, ip: &amp;apos;192.168.1.129&amp;apos;, os.name: &amp;apos;Windows 10&amp;apos;, os.arch: &amp;apos;amd64&amp;apos;, os.version: &amp;apos;10.0&amp;apos;, java.version: &amp;apos;1.8.0_181&amp;apos;
Driver info: driver.version: FirefoxDriver">
      <![CDATA[org.openqa.selenium.WebDriverException: Failed to connect to binary FirefoxBinary(C:\Program Files\Mozilla Firefox\firefox.exe) on port 7055; process output follows: 
escription":"ZenMate VPN - Deine Internet Security LÃ¶sung. Wir verschlÃ¼sseln deine Internetverbindungen und unblocken deinen Lieblingscontent.","creator":null,"developers":null,"translators":null,"contributors":null,"locales":["de"]},{"name":"ZenMate VPN - Ğ»ÑƒÑ‡ÑˆĞµĞµ Ñ€ĞµÑˆĞµĞ½Ğ¸Ğµ Ğ´Ğ»Ñ� Ğ¸Ğ½Ñ‚ĞµÑ€Ğ½ĞµÑ‚-Ğ±ĞµĞ·Ğ¾Ğ¿Ğ°Ñ�Ğ½Ğ¾Ñ�Ñ‚Ğ¸","description":"ZenMate VPN - Ğ¸Ğ½Ñ‚ĞµÑ€Ğ½ĞµÑ‚-Ğ±ĞµĞ·Ğ¾Ğ¿Ğ°Ñ�Ğ½Ğ¾Ñ�Ñ‚ÑŒ Ğ´Ğ»Ñ� Ğ²Ğ°Ñ�. Ğ¨Ğ¸Ñ„Ñ€Ğ¾Ğ²Ğ°Ğ½Ğ¸Ğµ Ñ�Ğ¾ĞµĞ´Ğ¸Ğ½ĞµĞ½Ğ¸Ñ�, Ğ´Ğ¾Ñ�Ñ‚ÑƒĞ¿ Ğº Ğ·Ğ°Ñ‰Ğ¸Ñ‰ĞµĞ½Ğ½Ñ‹Ğ¼ Ğ¿Ñ€Ğ¾ĞºÑ�Ğ¸-Ñ�ĞµÑ€Ğ²ĞµÑ€Ğ°Ğ¼ Ğ¸ Ğ·Ğ°Ğ±Ğ»Ğ¾ĞºĞ¸Ñ€Ğ¾Ğ²Ğ°Ğ½Ğ½Ğ¾Ğ¼Ñƒ ĞºĞ¾Ğ½Ñ‚ĞµĞ½Ñ‚Ñƒ.","creator":null,"developers":null,"translators":null,"contributors":null,"locales":["ru"]},{"name":"ZenMate VPN - Mejor seguridad para Internet","description":"ZenMate VPN - la mejor soluciÃ³n para tu seguridad. Encripta tu conexiÃ³n, accede a nuestro vpn proxy y desbloquea pÃ¡ginas web fÃ¡cil.","creator":null,"developers":null,"translators":null,"contributors":null,"locales":["es"]},{"name":"ZenMate VPN - GÃ¼venli Ä°nternet & Unblock ","description":"ZenMate VPN - GÃ¼venli internet eriÅŸimi iÃ§in en iyi Ã§Ã¶zÃ¼m. Ä°nternet baÄŸlantÄ±nÄ± ÅŸifrele ve yasaklÄ± sitelere gÃ¼venli eriÅŸim saÄŸla.","creator":null,"developers":null,"translators":null,"contributors":null,"locales":["tr"]},{"name":"ZenMate VPN - Beste Cyber Security & Unblock","description":"ZenMate VPN - Beste VPN & Internet security voor Chrome. Verbind met onze proxy servers, unblock websites en behoud online privacy.","creator":null,"developers":null,"translators":null,"contributors":null,"locales":["nl"]}],"targetApplications":[{"id":"toolkit@mozilla.org","minVersion":"56.0","maxVersion":null}],"targetPlatforms":[],"signedState":2,"seen":true,"dependencies":[],"hasEmbeddedWebExtension":false,"userPermissions":{"permissions":["tabs","webRequest","webRequestBlocking","proxy","management","storage","notifications","cookies","privacy"],"origins":["*://*/*","*://*.zenmate.com/*","*://*.zenmate.io/*","<all_urls>"]},"icons":{"16":"icons/standard-16.png","48":"icons/standard-48.png","64":"icons/standard-64.png","128":"icons/standard-128.png"},"iconURL":null,"icon64URL":null,"blocklistState":0,"blocklistURL":null,"startupData":null,"location":"app-profile"}
1538741837482	addons.xpi	DEBUG	Install of https://addons.mozilla.org/firefox/downloads/file/1021277/zenmate_vpn_for_firefox-6.2.6-an+fx.xpi?src=dp-btn-primary completed.
1538741837491	addons.xpi	DEBUG	Loading bootstrap scope from C:\Users\OPTiiM\AppData\Local\Temp\anonymous8416474072821863842webdriver-profile\extensions\firefox-webext@zenmate.com.xpi
1538741837492	addons.xpi	DEBUG	Calling bootstrap method install on firefox-webext@zenmate.com version 6.2.6
1538741837493	addons.xpi	DEBUG	Calling bootstrap method startup on firefox-webext@zenmate.com version 6.2.6
JavaScript error: moz-extension://4a2d2ae8-3261-4dbe-9f0e-2391cedacb46/scripts/free.js, line 24: Error: Could not establish connection. Receiving end does not exist.
1538741837876	addons.manager	DEBUG	Registering upgrade listener for firefox-webext@zenmate.com
1538741838086	addons.xpi	DEBUG	removeTemporaryFile: https://addons.mozilla.org/firefox/downloads/file/1021277/zenmate_vpn_for_firefox-6.2.6-an+fx.xpi?src=dp-btn-primary removing temp file C:\Users\OPTiiM\AppData\Local\Temp\tmp-xa9.xpi
1538741838087	addons.xpi	WARN	Failed to remove temporary file C:\Users\OPTiiM\AppData\Local\Temp\tmp-xa9.xpi for addon https://addons.mozilla.org/firefox/downloads/file/1021277/zenmate_vpn_for_firefox-6.2.6-an+fx.xpi?src=dp-btn-primary: [Exception... "Component returned failure code: 0x80520015 (NS_ERROR_FILE_ACCESS_DENIED) [nsIFile.remove]"  nsresult: "0x80520015 (NS_ERROR_FILE_ACCESS_DENIED)"  location: "JS frame :: resource://gre/modules/addons/XPIInstall.jsm :: removeTemporaryFile :: line 1502"  data: no] Stack trace: removeTemporaryFile()@resource://gre/modules/addons/XPIInstall.jsm:1502
startInstall/<()@resource://gre/modules/addons/XPIInstall.jsm:1798
JavaScript error: https://partner.zenmate.com/qclick-cookies, line 24: SyntaxError: An invalid or illegal string was specified

Build info: version: '2.53.1', revision: 'a36b8b1cd5757287168e54b817830adce9b0158d', time: '2016-06-30 19:26:09'
System info: host: 'DESKTOP-C8E2LPS', ip: '192.168.1.129', os.name: 'Windows 10', os.arch: 'amd64', os.version: '10.0', java.version: '1.8.0_181'
Driver info: driver.version: FirefoxDriver
	at org.openqa.selenium.firefox.internal.NewProfileExtensionConnection.start(NewProfileExtensionConnection.java:125)
	at org.openqa.selenium.firefox.FirefoxDriver.startClient(FirefoxDriver.java:271)
	at org.openqa.selenium.remote.RemoteWebDriver.<init>(RemoteWebDriver.java:119)
	at org.openqa.selenium.firefox.FirefoxDriver.<init>(FirefoxDriver.java:216)
	at org.openqa.selenium.firefox.FirefoxDriver.<init>(FirefoxDriver.java:211)
	at org.openqa.selenium.firefox.FirefoxDriver.<init>(FirefoxDriver.java:207)
	at org.openqa.selenium.firefox.FirefoxDriver.<init>(FirefoxDriver.java:120)
	at ua.pp.krotov.FirstTest.setUp(FirstTest.java:19)
Caused by: org.openqa.selenium.firefox.NotConnectedException: Unable to connect to host 127.0.0.1 on port 7055 after 45000 ms. Firefox console output:
escription":"ZenMate VPN - Deine Internet Security LÃ¶sung. Wir verschlÃ¼sseln deine Internetverbindungen und unblocken deinen Lieblingscontent.","creator":null,"developers":null,"translators":null,"contributors":null,"locales":["de"]},{"name":"ZenMate VPN - Ğ»ÑƒÑ‡ÑˆĞµĞµ Ñ€ĞµÑˆĞµĞ½Ğ¸Ğµ Ğ´Ğ»Ñ� Ğ¸Ğ½Ñ‚ĞµÑ€Ğ½ĞµÑ‚-Ğ±ĞµĞ·Ğ¾Ğ¿Ğ°Ñ�Ğ½Ğ¾Ñ�Ñ‚Ğ¸","description":"ZenMate VPN - Ğ¸Ğ½Ñ‚ĞµÑ€Ğ½ĞµÑ‚-Ğ±ĞµĞ·Ğ¾Ğ¿Ğ°Ñ�Ğ½Ğ¾Ñ�Ñ‚ÑŒ Ğ´Ğ»Ñ� Ğ²Ğ°Ñ�. Ğ¨Ğ¸Ñ„Ñ€Ğ¾Ğ²Ğ°Ğ½Ğ¸Ğµ Ñ�Ğ¾ĞµĞ´Ğ¸Ğ½ĞµĞ½Ğ¸Ñ�, Ğ´Ğ¾Ñ�Ñ‚ÑƒĞ¿ Ğº Ğ·Ğ°Ñ‰Ğ¸Ñ‰ĞµĞ½Ğ½Ñ‹Ğ¼ Ğ¿Ñ€Ğ¾ĞºÑ�Ğ¸-Ñ�ĞµÑ€Ğ²ĞµÑ€Ğ°Ğ¼ Ğ¸ Ğ·Ğ°Ğ±Ğ»Ğ¾ĞºĞ¸Ñ€Ğ¾Ğ²Ğ°Ğ½Ğ½Ğ¾Ğ¼Ñƒ ĞºĞ¾Ğ½Ñ‚ĞµĞ½Ñ‚Ñƒ.","creator":null,"developers":null,"translators":null,"contributors":null,"locales":["ru"]},{"name":"ZenMate VPN - Mejor seguridad para Internet","description":"ZenMate VPN - la mejor soluciÃ³n para tu seguridad. Encripta tu conexiÃ³n, accede a nuestro vpn proxy y desbloquea pÃ¡ginas web fÃ¡cil.","creator":null,"developers":null,"translators":null,"contributors":null,"locales":["es"]},{"name":"ZenMate VPN - GÃ¼venli Ä°nternet & Unblock ","description":"ZenMate VPN - GÃ¼venli internet eriÅŸimi iÃ§in en iyi Ã§Ã¶zÃ¼m. Ä°nternet baÄŸlantÄ±nÄ± ÅŸifrele ve yasaklÄ± sitelere gÃ¼venli eriÅŸim saÄŸla.","creator":null,"developers":null,"translators":null,"contributors":null,"locales":["tr"]},{"name":"ZenMate VPN - Beste Cyber Security & Unblock","description":"ZenMate VPN - Beste VPN & Internet security voor Chrome. Verbind met onze proxy servers, unblock websites en behoud online privacy.","creator":null,"developers":null,"translators":null,"contributors":null,"locales":["nl"]}],"targetApplications":[{"id":"toolkit@mozilla.org","minVersion":"56.0","maxVersion":null}],"targetPlatforms":[],"signedState":2,"seen":true,"dependencies":[],"hasEmbeddedWebExtension":false,"userPermissions":{"permissions":["tabs","webRequest","webRequestBlocking","proxy","management","storage","notifications","cookies","privacy"],"origins":["*://*/*","*://*.zenmate.com/*","*://*.zenmate.io/*","<all_urls>"]},"icons":{"16":"icons/standard-16.png","48":"icons/standard-48.png","64":"icons/standard-64.png","128":"icons/standard-128.png"},"iconURL":null,"icon64URL":null,"blocklistState":0,"blocklistURL":null,"startupData":null,"location":"app-profile"}
1538741837482	addons.xpi	DEBUG	Install of https://addons.mozilla.org/firefox/downloads/file/1021277/zenmate_vpn_for_firefox-6.2.6-an+fx.xpi?src=dp-btn-primary completed.
1538741837491	addons.xpi	DEBUG	Loading bootstrap scope from C:\Users\OPTiiM\AppData\Local\Temp\anonymous8416474072821863842webdriver-profile\extensions\firefox-webext@zenmate.com.xpi
1538741837492	addons.xpi	DEBUG	Calling bootstrap method install on firefox-webext@zenmate.com version 6.2.6
1538741837493	addons.xpi	DEBUG	Calling bootstrap method startup on firefox-webext@zenmate.com version 6.2.6
JavaScript error: moz-extension://4a2d2ae8-3261-4dbe-9f0e-2391cedacb46/scripts/free.js, line 24: Error: Could not establish connection. Receiving end does not exist.
1538741837876	addons.manager	DEBUG	Registering upgrade listener for firefox-webext@zenmate.com
1538741838086	addons.xpi	DEBUG	removeTemporaryFile: https://addons.mozilla.org/firefox/downloads/file/1021277/zenmate_vpn_for_firefox-6.2.6-an+fx.xpi?src=dp-btn-primary removing temp file C:\Users\OPTiiM\AppData\Local\Temp\tmp-xa9.xpi
1538741838087	addons.xpi	WARN	Failed to remove temporary file C:\Users\OPTiiM\AppData\Local\Temp\tmp-xa9.xpi for addon https://addons.mozilla.org/firefox/downloads/file/1021277/zenmate_vpn_for_firefox-6.2.6-an+fx.xpi?src=dp-btn-primary: [Exception... "Component returned failure code: 0x80520015 (NS_ERROR_FILE_ACCESS_DENIED) [nsIFile.remove]"  nsresult: "0x80520015 (NS_ERROR_FILE_ACCESS_DENIED)"  location: "JS frame :: resource://gre/modules/addons/XPIInstall.jsm :: removeTemporaryFile :: line 1502"  data: no] Stack trace: removeTemporaryFile()@resource://gre/modules/addons/XPIInstall.jsm:1502
startInstall/<()@resource://gre/modules/addons/XPIInstall.jsm:1798
JavaScript error: https://partner.zenmate.com/qclick-cookies, line 24: SyntaxError: An invalid or illegal string was specified

	at org.openqa.selenium.firefox.internal.NewProfileExtensionConnection.start(NewProfileExtensionConnection.java:113)
	... 36 more
... Removed 29 stack frames]]>
    </failure>
  </testcase> <!-- @BeforeClass setUp -->
  <testcase name="@AfterClass tearDown" time="0.0" classname="ua.pp.krotov.FirstTest">
    <skipped/>
  </testcase> <!-- @AfterClass tearDown -->
  <testcase name="gotoSeleniumWikiPage" time="0.001" classname="ua.pp.krotov.FirstTest">
    <skipped/>
  </testcase> <!-- gotoSeleniumWikiPage -->
  <testcase name="gotoSeleniumWikiPageFailure" time="0.0" classname="ua.pp.krotov.FirstTest">
    <skipped/>
  </testcase> <!-- gotoSeleniumWikiPageFailure -->
</testsuite> <!-- Surefire test -->
