-------------------------------------------------------------------------------
Test set: ua.pp.krotov.FirstTest
-------------------------------------------------------------------------------
Tests run: 4, Failures: 1, Errors: 0, Skipped: 3, Time elapsed: 50.494 s <<< FAILURE! - in ua.pp.krotov.FirstTest
setUp(ua.pp.krotov.FirstTest)  Time elapsed: 49.986 s  <<< FAILURE!
org.openqa.selenium.WebDriverException: 
Failed to connect to binary FirefoxBinary(C:\Program Files\Mozilla Firefox\firefox.exe) on port 7055; process output follows: 
escription":"ZenMate VPN - Deine Internet Security Lösung. Wir verschlüsseln deine Internetverbindungen und unblocken deinen Lieblingscontent.","creator":null,"developers":null,"translators":null,"contributors":null,"locales":["de"]},{"name":"ZenMate VPN - лучшее решение дл�? интернет-безопа�?но�?ти","description":"ZenMate VPN - интернет-безопа�?но�?ть дл�? ва�?. Шифрование �?оединени�?, до�?туп к защищенным прок�?и-�?ерверам и заблокированному контенту.","creator":null,"developers":null,"translators":null,"contributors":null,"locales":["ru"]},{"name":"ZenMate VPN - Mejor seguridad para Internet","description":"ZenMate VPN - la mejor solución para tu seguridad. Encripta tu conexión, accede a nuestro vpn proxy y desbloquea páginas web fácil.","creator":null,"developers":null,"translators":null,"contributors":null,"locales":["es"]},{"name":"ZenMate VPN - Güvenli İnternet & Unblock ","description":"ZenMate VPN - Güvenli internet erişimi için en iyi çözüm. İnternet bağlantını şifrele ve yasaklı sitelere güvenli erişim sağla.","creator":null,"developers":null,"translators":null,"contributors":null,"locales":["tr"]},{"name":"ZenMate VPN - Beste Cyber Security & Unblock","description":"ZenMate VPN - Beste VPN & Internet security voor Chrome. Verbind met onze proxy servers, unblock websites en behoud online privacy.","creator":null,"developers":null,"translators":null,"contributors":null,"locales":["nl"]}],"targetApplications":[{"id":"toolkit@mozilla.org","minVersion":"56.0","maxVersion":null}],"targetPlatforms":[],"signedState":2,"seen":true,"dependencies":[],"hasEmbeddedWebExtension":false,"userPermissions":{"permissions":["tabs","webRequest","webRequestBlocking","proxy","management","storage","notifications","cookies","privacy"],"origins":["*://*/*","*://*.zenmate.com/*","*://*.zenmate.io/*","<all_urls>"]},"icons":{"16":"icons/standard-16.png","48":"icons/standard-48.png","64":"icons/standard-64.png","128":"icons/standard-128.png"},"iconURL":null,"icon64URL":null,"blocklistState":0,"blocklistURL":null,"startupData":null,"location":"app-profile"}
1538741837482	addons.xpi	DEBUG	Install of https://addons.mozilla.org/firefox/downloads/file/1021277/zenmate_vpn_for_firefox-6.2.6-an+fx.xpi?src=dp-btn-primary completed.
1538741837491	addons.xpi	DEBUG	Loading bootstrap scope from C:\Users\OPTiiM\AppData\Local\Temp\anonymous8416474072821863842webdriver-profile\extensions\firefox-webext@zenmate.com.xpi
1538741837492	addons.xpi	DEBUG	Calling bootstrap method install on firefox-webext@zenmate.com version 6.2.6
1538741837493	addons.xpi	DEBUG	Calling bootstrap method startup on firefox-webext@zenmate.com version 6.2.6
JavaScript error: moz-extension://4a2d2ae8-3261-4dbe-9f0e-2391cedacb46/scripts/free.js, line 24: Error: Could not establish connection. Receiving end does not exist.
1538741837876	addons.manager	DEBUG	Registering upgrade listener for firefox-webext@zenmate.com
1538741838086	addons.xpi	DEBUG	removeTemporaryFile: https://addons.mozilla.org/firefox/downloads/file/1021277/zenmate_vpn_for_firefox-6.2.6-an+fx.xpi?src=dp-btn-primary removing temp file C:\Users\OPTiiM\AppData\Local\Temp\tmp-xa9.xpi
1538741838087	addons.xpi	WARN	Failed to remove temporary file C:\Users\OPTiiM\AppData\Local\Temp\tmp-xa9.xpi for addon https://addons.mozilla.org/firefox/downloads/file/1021277/zenmate_vpn_for_firefox-6.2.6-an+fx.xpi?src=dp-btn-primary: [Exception... "Component returned failure code: 0x80520015 (NS_ERROR_FILE_ACCESS_DENIED) [nsIFile.remove]"  nsresult: "0x80520015 (NS_ERROR_FILE_ACCESS_DENIED)"  location: "JS frame :: resource://gre/modules/addons/XPIInstall.jsm :: removeTemporaryFile :: line 1502"  data: no] Stack trace: removeTemporaryFile()@resource://gre/modules/addons/XPIInstall.jsm:1502
startInstall/<()@resource://gre/modules/addons/XPIInstall.jsm:1798
JavaScript error: https://partner.zenmate.com/qclick-cookies, line 24: SyntaxError: An invalid or illegal string was specified

Build info: version: '2.53.1', revision: 'a36b8b1cd5757287168e54b817830adce9b0158d', time: '2016-06-30 19:26:09'
System info: host: 'DESKTOP-C8E2LPS', ip: '192.168.1.129', os.name: 'Windows 10', os.arch: 'amd64', os.version: '10.0', java.version: '1.8.0_181'
Driver info: driver.version: FirefoxDriver
	at ua.pp.krotov.FirstTest.setUp(FirstTest.java:19)
Caused by: org.openqa.selenium.firefox.NotConnectedException: 
Unable to connect to host 127.0.0.1 on port 7055 after 45000 ms. Firefox console output:
escription":"ZenMate VPN - Deine Internet Security Lösung. Wir verschlüsseln deine Internetverbindungen und unblocken deinen Lieblingscontent.","creator":null,"developers":null,"translators":null,"contributors":null,"locales":["de"]},{"name":"ZenMate VPN - лучшее решение дл�? интернет-безопа�?но�?ти","description":"ZenMate VPN - интернет-безопа�?но�?ть дл�? ва�?. Шифрование �?оединени�?, до�?туп к защищенным прок�?и-�?ерверам и заблокированному контенту.","creator":null,"developers":null,"translators":null,"contributors":null,"locales":["ru"]},{"name":"ZenMate VPN - Mejor seguridad para Internet","description":"ZenMate VPN - la mejor solución para tu seguridad. Encripta tu conexión, accede a nuestro vpn proxy y desbloquea páginas web fácil.","creator":null,"developers":null,"translators":null,"contributors":null,"locales":["es"]},{"name":"ZenMate VPN - Güvenli İnternet & Unblock ","description":"ZenMate VPN - Güvenli internet erişimi için en iyi çözüm. İnternet bağlantını şifrele ve yasaklı sitelere güvenli erişim sağla.","creator":null,"developers":null,"translators":null,"contributors":null,"locales":["tr"]},{"name":"ZenMate VPN - Beste Cyber Security & Unblock","description":"ZenMate VPN - Beste VPN & Internet security voor Chrome. Verbind met onze proxy servers, unblock websites en behoud online privacy.","creator":null,"developers":null,"translators":null,"contributors":null,"locales":["nl"]}],"targetApplications":[{"id":"toolkit@mozilla.org","minVersion":"56.0","maxVersion":null}],"targetPlatforms":[],"signedState":2,"seen":true,"dependencies":[],"hasEmbeddedWebExtension":false,"userPermissions":{"permissions":["tabs","webRequest","webRequestBlocking","proxy","management","storage","notifications","cookies","privacy"],"origins":["*://*/*","*://*.zenmate.com/*","*://*.zenmate.io/*","<all_urls>"]},"icons":{"16":"icons/standard-16.png","48":"icons/standard-48.png","64":"icons/standard-64.png","128":"icons/standard-128.png"},"iconURL":null,"icon64URL":null,"blocklistState":0,"blocklistURL":null,"startupData":null,"location":"app-profile"}
1538741837482	addons.xpi	DEBUG	Install of https://addons.mozilla.org/firefox/downloads/file/1021277/zenmate_vpn_for_firefox-6.2.6-an+fx.xpi?src=dp-btn-primary completed.
1538741837491	addons.xpi	DEBUG	Loading bootstrap scope from C:\Users\OPTiiM\AppData\Local\Temp\anonymous8416474072821863842webdriver-profile\extensions\firefox-webext@zenmate.com.xpi
1538741837492	addons.xpi	DEBUG	Calling bootstrap method install on firefox-webext@zenmate.com version 6.2.6
1538741837493	addons.xpi	DEBUG	Calling bootstrap method startup on firefox-webext@zenmate.com version 6.2.6
JavaScript error: moz-extension://4a2d2ae8-3261-4dbe-9f0e-2391cedacb46/scripts/free.js, line 24: Error: Could not establish connection. Receiving end does not exist.
1538741837876	addons.manager	DEBUG	Registering upgrade listener for firefox-webext@zenmate.com
1538741838086	addons.xpi	DEBUG	removeTemporaryFile: https://addons.mozilla.org/firefox/downloads/file/1021277/zenmate_vpn_for_firefox-6.2.6-an+fx.xpi?src=dp-btn-primary removing temp file C:\Users\OPTiiM\AppData\Local\Temp\tmp-xa9.xpi
1538741838087	addons.xpi	WARN	Failed to remove temporary file C:\Users\OPTiiM\AppData\Local\Temp\tmp-xa9.xpi for addon https://addons.mozilla.org/firefox/downloads/file/1021277/zenmate_vpn_for_firefox-6.2.6-an+fx.xpi?src=dp-btn-primary: [Exception... "Component returned failure code: 0x80520015 (NS_ERROR_FILE_ACCESS_DENIED) [nsIFile.remove]"  nsresult: "0x80520015 (NS_ERROR_FILE_ACCESS_DENIED)"  location: "JS frame :: resource://gre/modules/addons/XPIInstall.jsm :: removeTemporaryFile :: line 1502"  data: no] Stack trace: removeTemporaryFile()@resource://gre/modules/addons/XPIInstall.jsm:1502
startInstall/<()@resource://gre/modules/addons/XPIInstall.jsm:1798
JavaScript error: https://partner.zenmate.com/qclick-cookies, line 24: SyntaxError: An invalid or illegal string was specified

	at ua.pp.krotov.FirstTest.setUp(FirstTest.java:19)

